[2025-01-17T20:11:05.316+0000] {local_task_job_runner.py:123} INFO - ::group::Pre task execution logs
[2025-01-17T20:11:05.457+0000] {taskinstance.py:2612} INFO - Dependencies all met for dep_context=non-requeueable deps ti=<TaskInstance: detect_data_drift_notify_retrain.trigger_jenkins_task manual__2025-01-17T20:00:59.536216+00:00 [queued]>
[2025-01-17T20:11:05.544+0000] {taskinstance.py:2612} INFO - Dependencies all met for dep_context=requeueable deps ti=<TaskInstance: detect_data_drift_notify_retrain.trigger_jenkins_task manual__2025-01-17T20:00:59.536216+00:00 [queued]>
[2025-01-17T20:11:05.549+0000] {taskinstance.py:2865} INFO - Starting attempt 1 of 2
[2025-01-17T20:11:05.626+0000] {taskinstance.py:2888} INFO - Executing <Task(PythonOperator): trigger_jenkins_task> on 2025-01-17 20:00:59.536216+00:00
[2025-01-17T20:11:05.669+0000] {standard_task_runner.py:104} INFO - Running: ['***', 'tasks', 'run', 'detect_data_drift_notify_retrain', 'trigger_jenkins_task', 'manual__2025-01-17T20:00:59.536216+00:00', '--job-id', '52', '--raw', '--subdir', 'DAGS_FOLDER/monitoring-dag.py', '--cfg-path', '/tmp/tmppjdy1ngg']
[2025-01-17T20:11:05.678+0000] {standard_task_runner.py:105} INFO - Job 52: Subtask trigger_jenkins_task
[2025-01-17T20:11:05.677+0000] {warnings.py:112} WARNING - /home/***/.local/lib/python3.12/site-packages/***/task/task_runner/standard_task_runner.py:70: DeprecationWarning: This process (pid=1030) is multi-threaded, use of fork() may lead to deadlocks in the child.
  pid = os.fork()

[2025-01-17T20:11:05.680+0000] {standard_task_runner.py:72} INFO - Started process 1035 to run task
[2025-01-17T20:11:05.826+0000] {task_command.py:467} INFO - Running <TaskInstance: detect_data_drift_notify_retrain.trigger_jenkins_task manual__2025-01-17T20:00:59.536216+00:00 [running]> on host fb760283cf73
[2025-01-17T20:11:06.032+0000] {taskinstance.py:3131} INFO - Exporting env vars: AIRFLOW_CTX_DAG_OWNER='RL' AIRFLOW_CTX_DAG_ID='detect_data_drift_notify_retrain' AIRFLOW_CTX_TASK_ID='trigger_jenkins_task' AIRFLOW_CTX_EXECUTION_DATE='2025-01-17T20:00:59.536216+00:00' AIRFLOW_CTX_TRY_NUMBER='1' AIRFLOW_CTX_DAG_RUN_ID='manual__2025-01-17T20:00:59.536216+00:00'
[2025-01-17T20:11:06.040+0000] {taskinstance.py:731} INFO - ::endgroup::
[2025-01-17T20:11:06.413+0000] {monitoring-dag.py:155} INFO - Jenkins pipeline triggered successfully
[2025-01-17T20:11:06.415+0000] {python.py:240} INFO - Done. Returned value was: None
[2025-01-17T20:11:06.524+0000] {taskinstance.py:340} INFO - ::group::Post task execution logs
[2025-01-17T20:11:06.525+0000] {taskinstance.py:352} INFO - Marking task as SUCCESS. dag_id=detect_data_drift_notify_retrain, task_id=trigger_jenkins_task, run_id=manual__2025-01-17T20:00:59.536216+00:00, execution_date=20250117T200059, start_date=20250117T201105, end_date=20250117T201106
[2025-01-17T20:11:06.656+0000] {local_task_job_runner.py:266} INFO - Task exited with return code 0
[2025-01-17T20:11:06.756+0000] {taskinstance.py:3900} INFO - 1 downstream tasks scheduled from follow-on schedule check
[2025-01-17T20:11:06.762+0000] {local_task_job_runner.py:245} INFO - ::endgroup::
